[2022-05-23 11:15:55] local.ERROR: Target class [App\Http\Controllers\UserController] does not exist. {"exception":"[object] (Illuminate\\Contracts\\Container\\BindingResolutionException(code: 0): Target class [App\\Http\\Controllers\\UserController] does not exist. at C:\\xampp\\htdocs\\Gateway\\vendor\\illuminate\\container\\Container.php:877)
[stacktrace]
#0 C:\\xampp\\htdocs\\Gateway\\vendor\\illuminate\\container\\Container.php(756): Illuminate\\Container\\Container->build('App\\\\Http\\\\Contro...')
#1 C:\\xampp\\htdocs\\Gateway\\vendor\\illuminate\\container\\Container.php(692): Illuminate\\Container\\Container->resolve('App\\\\Http\\\\Contro...', Array)
#2 C:\\xampp\\htdocs\\Gateway\\vendor\\laravel\\lumen-framework\\src\\Application.php(300): Illuminate\\Container\\Container->make('App\\\\Http\\\\Contro...', Array)
#3 C:\\xampp\\htdocs\\Gateway\\vendor\\laravel\\lumen-framework\\src\\Concerns\\RoutesRequests.php(324): Laravel\\Lumen\\Application->make('App\\\\Http\\\\Contro...')
#4 C:\\xampp\\htdocs\\Gateway\\vendor\\laravel\\lumen-framework\\src\\Concerns\\RoutesRequests.php(282): Laravel\\Lumen\\Application->callControllerAction(Array)
#5 C:\\xampp\\htdocs\\Gateway\\vendor\\laravel\\lumen-framework\\src\\Concerns\\RoutesRequests.php(267): Laravel\\Lumen\\Application->callActionOnArrayBasedRoute(Array)
#6 C:\\xampp\\htdocs\\Gateway\\vendor\\laravel\\lumen-framework\\src\\Concerns\\RoutesRequests.php(169): Laravel\\Lumen\\Application->handleFoundRoute(Array)
#7 C:\\xampp\\htdocs\\Gateway\\vendor\\laravel\\lumen-framework\\src\\Concerns\\RoutesRequests.php(429): Laravel\\Lumen\\Application->Laravel\\Lumen\\Concerns\\{closure}(Object(Laravel\\Lumen\\Http\\Request))
#8 C:\\xampp\\htdocs\\Gateway\\vendor\\laravel\\lumen-framework\\src\\Concerns\\RoutesRequests.php(175): Laravel\\Lumen\\Application->sendThroughPipeline(Array, Object(Closure))
#9 C:\\xampp\\htdocs\\Gateway\\vendor\\laravel\\lumen-framework\\src\\Concerns\\RoutesRequests.php(112): Laravel\\Lumen\\Application->dispatch(NULL)
#10 C:\\xampp\\htdocs\\Gateway\\public\\index.php(28): Laravel\\Lumen\\Application->run()
#11 {main}

[previous exception] [object] (ReflectionException(code: -1): Class \"App\\Http\\Controllers\\UserController\" does not exist at C:\\xampp\\htdocs\\Gateway\\vendor\\illuminate\\container\\Container.php:875)
[stacktrace]
#0 C:\\xampp\\htdocs\\Gateway\\vendor\\illuminate\\container\\Container.php(875): ReflectionClass->__construct('App\\\\Http\\\\Contro...')
#1 C:\\xampp\\htdocs\\Gateway\\vendor\\illuminate\\container\\Container.php(756): Illuminate\\Container\\Container->build('App\\\\Http\\\\Contro...')
#2 C:\\xampp\\htdocs\\Gateway\\vendor\\illuminate\\container\\Container.php(692): Illuminate\\Container\\Container->resolve('App\\\\Http\\\\Contro...', Array)
#3 C:\\xampp\\htdocs\\Gateway\\vendor\\laravel\\lumen-framework\\src\\Application.php(300): Illuminate\\Container\\Container->make('App\\\\Http\\\\Contro...', Array)
#4 C:\\xampp\\htdocs\\Gateway\\vendor\\laravel\\lumen-framework\\src\\Concerns\\RoutesRequests.php(324): Laravel\\Lumen\\Application->make('App\\\\Http\\\\Contro...')
#5 C:\\xampp\\htdocs\\Gateway\\vendor\\laravel\\lumen-framework\\src\\Concerns\\RoutesRequests.php(282): Laravel\\Lumen\\Application->callControllerAction(Array)
#6 C:\\xampp\\htdocs\\Gateway\\vendor\\laravel\\lumen-framework\\src\\Concerns\\RoutesRequests.php(267): Laravel\\Lumen\\Application->callActionOnArrayBasedRoute(Array)
#7 C:\\xampp\\htdocs\\Gateway\\vendor\\laravel\\lumen-framework\\src\\Concerns\\RoutesRequests.php(169): Laravel\\Lumen\\Application->handleFoundRoute(Array)
#8 C:\\xampp\\htdocs\\Gateway\\vendor\\laravel\\lumen-framework\\src\\Concerns\\RoutesRequests.php(429): Laravel\\Lumen\\Application->Laravel\\Lumen\\Concerns\\{closure}(Object(Laravel\\Lumen\\Http\\Request))
#9 C:\\xampp\\htdocs\\Gateway\\vendor\\laravel\\lumen-framework\\src\\Concerns\\RoutesRequests.php(175): Laravel\\Lumen\\Application->sendThroughPipeline(Array, Object(Closure))
#10 C:\\xampp\\htdocs\\Gateway\\vendor\\laravel\\lumen-framework\\src\\Concerns\\RoutesRequests.php(112): Laravel\\Lumen\\Application->dispatch(NULL)
#11 C:\\xampp\\htdocs\\Gateway\\public\\index.php(28): Laravel\\Lumen\\Application->run()
#12 {main}
"} 
[2022-05-23 11:18:30] local.ERROR: Target class [App\Http\Controllers\UserController] does not exist. {"exception":"[object] (Illuminate\\Contracts\\Container\\BindingResolutionException(code: 0): Target class [App\\Http\\Controllers\\UserController] does not exist. at C:\\xampp\\htdocs\\Gateway\\vendor\\illuminate\\container\\Container.php:877)
[stacktrace]
#0 C:\\xampp\\htdocs\\Gateway\\vendor\\illuminate\\container\\Container.php(756): Illuminate\\Container\\Container->build('App\\\\Http\\\\Contro...')
#1 C:\\xampp\\htdocs\\Gateway\\vendor\\illuminate\\container\\Container.php(692): Illuminate\\Container\\Container->resolve('App\\\\Http\\\\Contro...', Array)
#2 C:\\xampp\\htdocs\\Gateway\\vendor\\laravel\\lumen-framework\\src\\Application.php(300): Illuminate\\Container\\Container->make('App\\\\Http\\\\Contro...', Array)
#3 C:\\xampp\\htdocs\\Gateway\\vendor\\laravel\\lumen-framework\\src\\Concerns\\RoutesRequests.php(324): Laravel\\Lumen\\Application->make('App\\\\Http\\\\Contro...')
#4 C:\\xampp\\htdocs\\Gateway\\vendor\\laravel\\lumen-framework\\src\\Concerns\\RoutesRequests.php(282): Laravel\\Lumen\\Application->callControllerAction(Array)
#5 C:\\xampp\\htdocs\\Gateway\\vendor\\laravel\\lumen-framework\\src\\Concerns\\RoutesRequests.php(267): Laravel\\Lumen\\Application->callActionOnArrayBasedRoute(Array)
#6 C:\\xampp\\htdocs\\Gateway\\vendor\\laravel\\lumen-framework\\src\\Concerns\\RoutesRequests.php(169): Laravel\\Lumen\\Application->handleFoundRoute(Array)
#7 C:\\xampp\\htdocs\\Gateway\\vendor\\laravel\\lumen-framework\\src\\Concerns\\RoutesRequests.php(429): Laravel\\Lumen\\Application->Laravel\\Lumen\\Concerns\\{closure}(Object(Laravel\\Lumen\\Http\\Request))
#8 C:\\xampp\\htdocs\\Gateway\\vendor\\laravel\\lumen-framework\\src\\Concerns\\RoutesRequests.php(175): Laravel\\Lumen\\Application->sendThroughPipeline(Array, Object(Closure))
#9 C:\\xampp\\htdocs\\Gateway\\vendor\\laravel\\lumen-framework\\src\\Concerns\\RoutesRequests.php(112): Laravel\\Lumen\\Application->dispatch(NULL)
#10 C:\\xampp\\htdocs\\Gateway\\public\\index.php(28): Laravel\\Lumen\\Application->run()
#11 {main}

[previous exception] [object] (ReflectionException(code: -1): Class \"App\\Http\\Controllers\\UserController\" does not exist at C:\\xampp\\htdocs\\Gateway\\vendor\\illuminate\\container\\Container.php:875)
[stacktrace]
#0 C:\\xampp\\htdocs\\Gateway\\vendor\\illuminate\\container\\Container.php(875): ReflectionClass->__construct('App\\\\Http\\\\Contro...')
#1 C:\\xampp\\htdocs\\Gateway\\vendor\\illuminate\\container\\Container.php(756): Illuminate\\Container\\Container->build('App\\\\Http\\\\Contro...')
#2 C:\\xampp\\htdocs\\Gateway\\vendor\\illuminate\\container\\Container.php(692): Illuminate\\Container\\Container->resolve('App\\\\Http\\\\Contro...', Array)
#3 C:\\xampp\\htdocs\\Gateway\\vendor\\laravel\\lumen-framework\\src\\Application.php(300): Illuminate\\Container\\Container->make('App\\\\Http\\\\Contro...', Array)
#4 C:\\xampp\\htdocs\\Gateway\\vendor\\laravel\\lumen-framework\\src\\Concerns\\RoutesRequests.php(324): Laravel\\Lumen\\Application->make('App\\\\Http\\\\Contro...')
#5 C:\\xampp\\htdocs\\Gateway\\vendor\\laravel\\lumen-framework\\src\\Concerns\\RoutesRequests.php(282): Laravel\\Lumen\\Application->callControllerAction(Array)
#6 C:\\xampp\\htdocs\\Gateway\\vendor\\laravel\\lumen-framework\\src\\Concerns\\RoutesRequests.php(267): Laravel\\Lumen\\Application->callActionOnArrayBasedRoute(Array)
#7 C:\\xampp\\htdocs\\Gateway\\vendor\\laravel\\lumen-framework\\src\\Concerns\\RoutesRequests.php(169): Laravel\\Lumen\\Application->handleFoundRoute(Array)
#8 C:\\xampp\\htdocs\\Gateway\\vendor\\laravel\\lumen-framework\\src\\Concerns\\RoutesRequests.php(429): Laravel\\Lumen\\Application->Laravel\\Lumen\\Concerns\\{closure}(Object(Laravel\\Lumen\\Http\\Request))
#9 C:\\xampp\\htdocs\\Gateway\\vendor\\laravel\\lumen-framework\\src\\Concerns\\RoutesRequests.php(175): Laravel\\Lumen\\Application->sendThroughPipeline(Array, Object(Closure))
#10 C:\\xampp\\htdocs\\Gateway\\vendor\\laravel\\lumen-framework\\src\\Concerns\\RoutesRequests.php(112): Laravel\\Lumen\\Application->dispatch(NULL)
#11 C:\\xampp\\htdocs\\Gateway\\public\\index.php(28): Laravel\\Lumen\\Application->run()
#12 {main}
"} 
[2022-05-23 11:18:35] local.ERROR: Target class [App\Http\Controllers\UserController] does not exist. {"exception":"[object] (Illuminate\\Contracts\\Container\\BindingResolutionException(code: 0): Target class [App\\Http\\Controllers\\UserController] does not exist. at C:\\xampp\\htdocs\\Gateway\\vendor\\illuminate\\container\\Container.php:877)
[stacktrace]
#0 C:\\xampp\\htdocs\\Gateway\\vendor\\illuminate\\container\\Container.php(756): Illuminate\\Container\\Container->build('App\\\\Http\\\\Contro...')
#1 C:\\xampp\\htdocs\\Gateway\\vendor\\illuminate\\container\\Container.php(692): Illuminate\\Container\\Container->resolve('App\\\\Http\\\\Contro...', Array)
#2 C:\\xampp\\htdocs\\Gateway\\vendor\\laravel\\lumen-framework\\src\\Application.php(300): Illuminate\\Container\\Container->make('App\\\\Http\\\\Contro...', Array)
#3 C:\\xampp\\htdocs\\Gateway\\vendor\\laravel\\lumen-framework\\src\\Concerns\\RoutesRequests.php(324): Laravel\\Lumen\\Application->make('App\\\\Http\\\\Contro...')
#4 C:\\xampp\\htdocs\\Gateway\\vendor\\laravel\\lumen-framework\\src\\Concerns\\RoutesRequests.php(282): Laravel\\Lumen\\Application->callControllerAction(Array)
#5 C:\\xampp\\htdocs\\Gateway\\vendor\\laravel\\lumen-framework\\src\\Concerns\\RoutesRequests.php(267): Laravel\\Lumen\\Application->callActionOnArrayBasedRoute(Array)
#6 C:\\xampp\\htdocs\\Gateway\\vendor\\laravel\\lumen-framework\\src\\Concerns\\RoutesRequests.php(169): Laravel\\Lumen\\Application->handleFoundRoute(Array)
#7 C:\\xampp\\htdocs\\Gateway\\vendor\\laravel\\lumen-framework\\src\\Concerns\\RoutesRequests.php(429): Laravel\\Lumen\\Application->Laravel\\Lumen\\Concerns\\{closure}(Object(Laravel\\Lumen\\Http\\Request))
#8 C:\\xampp\\htdocs\\Gateway\\vendor\\laravel\\lumen-framework\\src\\Concerns\\RoutesRequests.php(175): Laravel\\Lumen\\Application->sendThroughPipeline(Array, Object(Closure))
#9 C:\\xampp\\htdocs\\Gateway\\vendor\\laravel\\lumen-framework\\src\\Concerns\\RoutesRequests.php(112): Laravel\\Lumen\\Application->dispatch(NULL)
#10 C:\\xampp\\htdocs\\Gateway\\public\\index.php(28): Laravel\\Lumen\\Application->run()
#11 {main}

[previous exception] [object] (ReflectionException(code: -1): Class \"App\\Http\\Controllers\\UserController\" does not exist at C:\\xampp\\htdocs\\Gateway\\vendor\\illuminate\\container\\Container.php:875)
[stacktrace]
#0 C:\\xampp\\htdocs\\Gateway\\vendor\\illuminate\\container\\Container.php(875): ReflectionClass->__construct('App\\\\Http\\\\Contro...')
#1 C:\\xampp\\htdocs\\Gateway\\vendor\\illuminate\\container\\Container.php(756): Illuminate\\Container\\Container->build('App\\\\Http\\\\Contro...')
#2 C:\\xampp\\htdocs\\Gateway\\vendor\\illuminate\\container\\Container.php(692): Illuminate\\Container\\Container->resolve('App\\\\Http\\\\Contro...', Array)
#3 C:\\xampp\\htdocs\\Gateway\\vendor\\laravel\\lumen-framework\\src\\Application.php(300): Illuminate\\Container\\Container->make('App\\\\Http\\\\Contro...', Array)
#4 C:\\xampp\\htdocs\\Gateway\\vendor\\laravel\\lumen-framework\\src\\Concerns\\RoutesRequests.php(324): Laravel\\Lumen\\Application->make('App\\\\Http\\\\Contro...')
#5 C:\\xampp\\htdocs\\Gateway\\vendor\\laravel\\lumen-framework\\src\\Concerns\\RoutesRequests.php(282): Laravel\\Lumen\\Application->callControllerAction(Array)
#6 C:\\xampp\\htdocs\\Gateway\\vendor\\laravel\\lumen-framework\\src\\Concerns\\RoutesRequests.php(267): Laravel\\Lumen\\Application->callActionOnArrayBasedRoute(Array)
#7 C:\\xampp\\htdocs\\Gateway\\vendor\\laravel\\lumen-framework\\src\\Concerns\\RoutesRequests.php(169): Laravel\\Lumen\\Application->handleFoundRoute(Array)
#8 C:\\xampp\\htdocs\\Gateway\\vendor\\laravel\\lumen-framework\\src\\Concerns\\RoutesRequests.php(429): Laravel\\Lumen\\Application->Laravel\\Lumen\\Concerns\\{closure}(Object(Laravel\\Lumen\\Http\\Request))
#9 C:\\xampp\\htdocs\\Gateway\\vendor\\laravel\\lumen-framework\\src\\Concerns\\RoutesRequests.php(175): Laravel\\Lumen\\Application->sendThroughPipeline(Array, Object(Closure))
#10 C:\\xampp\\htdocs\\Gateway\\vendor\\laravel\\lumen-framework\\src\\Concerns\\RoutesRequests.php(112): Laravel\\Lumen\\Application->dispatch(NULL)
#11 C:\\xampp\\htdocs\\Gateway\\public\\index.php(28): Laravel\\Lumen\\Application->run()
#12 {main}
"} 
[2022-05-23 11:20:04] local.ERROR: Class "GuzzleHttp\Client" not found {"exception":"[object] (Error(code: 0): Class \"GuzzleHttp\\Client\" not found at C:\\xampp\\htdocs\\Gateway\\app\\Traits\\ConsumesExternalService.php:11)
[stacktrace]
#0 C:\\xampp\\htdocs\\Gateway\\app\\services\\User1Service.php(18): App\\Services\\User1Service->performRequest('GET', '/users')
#1 C:\\xampp\\htdocs\\Gateway\\app\\Http\\Controllers\\User1Controller.php(17): App\\Services\\User1Service->obtainUsers1()
#2 C:\\xampp\\htdocs\\Gateway\\vendor\\illuminate\\container\\BoundMethod.php(36): App\\Http\\Controllers\\User1Controller->index()
#3 C:\\xampp\\htdocs\\Gateway\\vendor\\illuminate\\container\\Util.php(41): Illuminate\\Container\\BoundMethod::Illuminate\\Container\\{closure}()
#4 C:\\xampp\\htdocs\\Gateway\\vendor\\illuminate\\container\\BoundMethod.php(93): Illuminate\\Container\\Util::unwrapIfClosure(Object(Closure))
#5 C:\\xampp\\htdocs\\Gateway\\vendor\\illuminate\\container\\BoundMethod.php(37): Illuminate\\Container\\BoundMethod::callBoundMethod(Object(Laravel\\Lumen\\Application), Array, Object(Closure))
#6 C:\\xampp\\htdocs\\Gateway\\vendor\\illuminate\\container\\Container.php(651): Illuminate\\Container\\BoundMethod::call(Object(Laravel\\Lumen\\Application), Array, Array, NULL)
#7 C:\\xampp\\htdocs\\Gateway\\vendor\\laravel\\lumen-framework\\src\\Concerns\\RoutesRequests.php(389): Illuminate\\Container\\Container->call(Array, Array)
#8 C:\\xampp\\htdocs\\Gateway\\vendor\\laravel\\lumen-framework\\src\\Concerns\\RoutesRequests.php(355): Laravel\\Lumen\\Application->callControllerCallable(Array, Array)
#9 C:\\xampp\\htdocs\\Gateway\\vendor\\laravel\\lumen-framework\\src\\Concerns\\RoutesRequests.php(329): Laravel\\Lumen\\Application->callLumenController(Object(App\\Http\\Controllers\\User1Controller), 'index', Array)
#10 C:\\xampp\\htdocs\\Gateway\\vendor\\laravel\\lumen-framework\\src\\Concerns\\RoutesRequests.php(282): Laravel\\Lumen\\Application->callControllerAction(Array)
#11 C:\\xampp\\htdocs\\Gateway\\vendor\\laravel\\lumen-framework\\src\\Concerns\\RoutesRequests.php(267): Laravel\\Lumen\\Application->callActionOnArrayBasedRoute(Array)
#12 C:\\xampp\\htdocs\\Gateway\\vendor\\laravel\\lumen-framework\\src\\Concerns\\RoutesRequests.php(169): Laravel\\Lumen\\Application->handleFoundRoute(Array)
#13 C:\\xampp\\htdocs\\Gateway\\vendor\\laravel\\lumen-framework\\src\\Concerns\\RoutesRequests.php(429): Laravel\\Lumen\\Application->Laravel\\Lumen\\Concerns\\{closure}(Object(Laravel\\Lumen\\Http\\Request))
#14 C:\\xampp\\htdocs\\Gateway\\vendor\\laravel\\lumen-framework\\src\\Concerns\\RoutesRequests.php(175): Laravel\\Lumen\\Application->sendThroughPipeline(Array, Object(Closure))
#15 C:\\xampp\\htdocs\\Gateway\\vendor\\laravel\\lumen-framework\\src\\Concerns\\RoutesRequests.php(112): Laravel\\Lumen\\Application->dispatch(NULL)
#16 C:\\xampp\\htdocs\\Gateway\\public\\index.php(28): Laravel\\Lumen\\Application->run()
#17 {main}
"} 
[2022-05-23 11:21:36] local.ERROR: Class "Guzzle\Http\Client" not found {"exception":"[object] (Error(code: 0): Class \"Guzzle\\Http\\Client\" not found at C:\\xampp\\htdocs\\Gateway\\app\\Traits\\ConsumesExternalService.php:11)
[stacktrace]
#0 C:\\xampp\\htdocs\\Gateway\\app\\services\\User1Service.php(18): App\\Services\\User1Service->performRequest('GET', '/users')
#1 C:\\xampp\\htdocs\\Gateway\\app\\Http\\Controllers\\User1Controller.php(17): App\\Services\\User1Service->obtainUsers1()
#2 C:\\xampp\\htdocs\\Gateway\\vendor\\illuminate\\container\\BoundMethod.php(36): App\\Http\\Controllers\\User1Controller->index()
#3 C:\\xampp\\htdocs\\Gateway\\vendor\\illuminate\\container\\Util.php(41): Illuminate\\Container\\BoundMethod::Illuminate\\Container\\{closure}()
#4 C:\\xampp\\htdocs\\Gateway\\vendor\\illuminate\\container\\BoundMethod.php(93): Illuminate\\Container\\Util::unwrapIfClosure(Object(Closure))
#5 C:\\xampp\\htdocs\\Gateway\\vendor\\illuminate\\container\\BoundMethod.php(37): Illuminate\\Container\\BoundMethod::callBoundMethod(Object(Laravel\\Lumen\\Application), Array, Object(Closure))
#6 C:\\xampp\\htdocs\\Gateway\\vendor\\illuminate\\container\\Container.php(651): Illuminate\\Container\\BoundMethod::call(Object(Laravel\\Lumen\\Application), Array, Array, NULL)
#7 C:\\xampp\\htdocs\\Gateway\\vendor\\laravel\\lumen-framework\\src\\Concerns\\RoutesRequests.php(389): Illuminate\\Container\\Container->call(Array, Array)
#8 C:\\xampp\\htdocs\\Gateway\\vendor\\laravel\\lumen-framework\\src\\Concerns\\RoutesRequests.php(355): Laravel\\Lumen\\Application->callControllerCallable(Array, Array)
#9 C:\\xampp\\htdocs\\Gateway\\vendor\\laravel\\lumen-framework\\src\\Concerns\\RoutesRequests.php(329): Laravel\\Lumen\\Application->callLumenController(Object(App\\Http\\Controllers\\User1Controller), 'index', Array)
#10 C:\\xampp\\htdocs\\Gateway\\vendor\\laravel\\lumen-framework\\src\\Concerns\\RoutesRequests.php(282): Laravel\\Lumen\\Application->callControllerAction(Array)
#11 C:\\xampp\\htdocs\\Gateway\\vendor\\laravel\\lumen-framework\\src\\Concerns\\RoutesRequests.php(267): Laravel\\Lumen\\Application->callActionOnArrayBasedRoute(Array)
#12 C:\\xampp\\htdocs\\Gateway\\vendor\\laravel\\lumen-framework\\src\\Concerns\\RoutesRequests.php(169): Laravel\\Lumen\\Application->handleFoundRoute(Array)
#13 C:\\xampp\\htdocs\\Gateway\\vendor\\laravel\\lumen-framework\\src\\Concerns\\RoutesRequests.php(429): Laravel\\Lumen\\Application->Laravel\\Lumen\\Concerns\\{closure}(Object(Laravel\\Lumen\\Http\\Request))
#14 C:\\xampp\\htdocs\\Gateway\\vendor\\laravel\\lumen-framework\\src\\Concerns\\RoutesRequests.php(175): Laravel\\Lumen\\Application->sendThroughPipeline(Array, Object(Closure))
#15 C:\\xampp\\htdocs\\Gateway\\vendor\\laravel\\lumen-framework\\src\\Concerns\\RoutesRequests.php(112): Laravel\\Lumen\\Application->dispatch(NULL)
#16 C:\\xampp\\htdocs\\Gateway\\public\\index.php(28): Laravel\\Lumen\\Application->run()
#17 {main}
"} 
[2022-05-23 11:21:50] local.ERROR: Class "GuzzleHttp\Client" not found {"exception":"[object] (Error(code: 0): Class \"GuzzleHttp\\Client\" not found at C:\\xampp\\htdocs\\Gateway\\app\\Traits\\ConsumesExternalService.php:11)
[stacktrace]
#0 C:\\xampp\\htdocs\\Gateway\\app\\services\\User1Service.php(18): App\\Services\\User1Service->performRequest('GET', '/users')
#1 C:\\xampp\\htdocs\\Gateway\\app\\Http\\Controllers\\User1Controller.php(17): App\\Services\\User1Service->obtainUsers1()
#2 C:\\xampp\\htdocs\\Gateway\\vendor\\illuminate\\container\\BoundMethod.php(36): App\\Http\\Controllers\\User1Controller->index()
#3 C:\\xampp\\htdocs\\Gateway\\vendor\\illuminate\\container\\Util.php(41): Illuminate\\Container\\BoundMethod::Illuminate\\Container\\{closure}()
#4 C:\\xampp\\htdocs\\Gateway\\vendor\\illuminate\\container\\BoundMethod.php(93): Illuminate\\Container\\Util::unwrapIfClosure(Object(Closure))
#5 C:\\xampp\\htdocs\\Gateway\\vendor\\illuminate\\container\\BoundMethod.php(37): Illuminate\\Container\\BoundMethod::callBoundMethod(Object(Laravel\\Lumen\\Application), Array, Object(Closure))
#6 C:\\xampp\\htdocs\\Gateway\\vendor\\illuminate\\container\\Container.php(651): Illuminate\\Container\\BoundMethod::call(Object(Laravel\\Lumen\\Application), Array, Array, NULL)
#7 C:\\xampp\\htdocs\\Gateway\\vendor\\laravel\\lumen-framework\\src\\Concerns\\RoutesRequests.php(389): Illuminate\\Container\\Container->call(Array, Array)
#8 C:\\xampp\\htdocs\\Gateway\\vendor\\laravel\\lumen-framework\\src\\Concerns\\RoutesRequests.php(355): Laravel\\Lumen\\Application->callControllerCallable(Array, Array)
#9 C:\\xampp\\htdocs\\Gateway\\vendor\\laravel\\lumen-framework\\src\\Concerns\\RoutesRequests.php(329): Laravel\\Lumen\\Application->callLumenController(Object(App\\Http\\Controllers\\User1Controller), 'index', Array)
#10 C:\\xampp\\htdocs\\Gateway\\vendor\\laravel\\lumen-framework\\src\\Concerns\\RoutesRequests.php(282): Laravel\\Lumen\\Application->callControllerAction(Array)
#11 C:\\xampp\\htdocs\\Gateway\\vendor\\laravel\\lumen-framework\\src\\Concerns\\RoutesRequests.php(267): Laravel\\Lumen\\Application->callActionOnArrayBasedRoute(Array)
#12 C:\\xampp\\htdocs\\Gateway\\vendor\\laravel\\lumen-framework\\src\\Concerns\\RoutesRequests.php(169): Laravel\\Lumen\\Application->handleFoundRoute(Array)
#13 C:\\xampp\\htdocs\\Gateway\\vendor\\laravel\\lumen-framework\\src\\Concerns\\RoutesRequests.php(429): Laravel\\Lumen\\Application->Laravel\\Lumen\\Concerns\\{closure}(Object(Laravel\\Lumen\\Http\\Request))
#14 C:\\xampp\\htdocs\\Gateway\\vendor\\laravel\\lumen-framework\\src\\Concerns\\RoutesRequests.php(175): Laravel\\Lumen\\Application->sendThroughPipeline(Array, Object(Closure))
#15 C:\\xampp\\htdocs\\Gateway\\vendor\\laravel\\lumen-framework\\src\\Concerns\\RoutesRequests.php(112): Laravel\\Lumen\\Application->dispatch(NULL)
#16 C:\\xampp\\htdocs\\Gateway\\public\\index.php(28): Laravel\\Lumen\\Application->run()
#17 {main}
"} 
[2022-05-23 11:42:59] local.ERROR: Target class [App\Http\Controllers\User2Controller] does not exist. {"exception":"[object] (Illuminate\\Contracts\\Container\\BindingResolutionException(code: 0): Target class [App\\Http\\Controllers\\User2Controller] does not exist. at C:\\xampp\\htdocs\\Gateway\\vendor\\illuminate\\container\\Container.php:877)
[stacktrace]
#0 C:\\xampp\\htdocs\\Gateway\\vendor\\illuminate\\container\\Container.php(756): Illuminate\\Container\\Container->build('App\\\\Http\\\\Contro...')
#1 C:\\xampp\\htdocs\\Gateway\\vendor\\illuminate\\container\\Container.php(692): Illuminate\\Container\\Container->resolve('App\\\\Http\\\\Contro...', Array)
#2 C:\\xampp\\htdocs\\Gateway\\vendor\\laravel\\lumen-framework\\src\\Application.php(300): Illuminate\\Container\\Container->make('App\\\\Http\\\\Contro...', Array)
#3 C:\\xampp\\htdocs\\Gateway\\vendor\\laravel\\lumen-framework\\src\\Concerns\\RoutesRequests.php(324): Laravel\\Lumen\\Application->make('App\\\\Http\\\\Contro...')
#4 C:\\xampp\\htdocs\\Gateway\\vendor\\laravel\\lumen-framework\\src\\Concerns\\RoutesRequests.php(282): Laravel\\Lumen\\Application->callControllerAction(Array)
#5 C:\\xampp\\htdocs\\Gateway\\vendor\\laravel\\lumen-framework\\src\\Concerns\\RoutesRequests.php(267): Laravel\\Lumen\\Application->callActionOnArrayBasedRoute(Array)
#6 C:\\xampp\\htdocs\\Gateway\\vendor\\laravel\\lumen-framework\\src\\Concerns\\RoutesRequests.php(169): Laravel\\Lumen\\Application->handleFoundRoute(Array)
#7 C:\\xampp\\htdocs\\Gateway\\vendor\\laravel\\lumen-framework\\src\\Concerns\\RoutesRequests.php(429): Laravel\\Lumen\\Application->Laravel\\Lumen\\Concerns\\{closure}(Object(Laravel\\Lumen\\Http\\Request))
#8 C:\\xampp\\htdocs\\Gateway\\vendor\\laravel\\lumen-framework\\src\\Concerns\\RoutesRequests.php(175): Laravel\\Lumen\\Application->sendThroughPipeline(Array, Object(Closure))
#9 C:\\xampp\\htdocs\\Gateway\\vendor\\laravel\\lumen-framework\\src\\Concerns\\RoutesRequests.php(112): Laravel\\Lumen\\Application->dispatch(NULL)
#10 C:\\xampp\\htdocs\\Gateway\\public\\index.php(28): Laravel\\Lumen\\Application->run()
#11 {main}

[previous exception] [object] (ReflectionException(code: -1): Class \"App\\Http\\Controllers\\User2Controller\" does not exist at C:\\xampp\\htdocs\\Gateway\\vendor\\illuminate\\container\\Container.php:875)
[stacktrace]
#0 C:\\xampp\\htdocs\\Gateway\\vendor\\illuminate\\container\\Container.php(875): ReflectionClass->__construct('App\\\\Http\\\\Contro...')
#1 C:\\xampp\\htdocs\\Gateway\\vendor\\illuminate\\container\\Container.php(756): Illuminate\\Container\\Container->build('App\\\\Http\\\\Contro...')
#2 C:\\xampp\\htdocs\\Gateway\\vendor\\illuminate\\container\\Container.php(692): Illuminate\\Container\\Container->resolve('App\\\\Http\\\\Contro...', Array)
#3 C:\\xampp\\htdocs\\Gateway\\vendor\\laravel\\lumen-framework\\src\\Application.php(300): Illuminate\\Container\\Container->make('App\\\\Http\\\\Contro...', Array)
#4 C:\\xampp\\htdocs\\Gateway\\vendor\\laravel\\lumen-framework\\src\\Concerns\\RoutesRequests.php(324): Laravel\\Lumen\\Application->make('App\\\\Http\\\\Contro...')
#5 C:\\xampp\\htdocs\\Gateway\\vendor\\laravel\\lumen-framework\\src\\Concerns\\RoutesRequests.php(282): Laravel\\Lumen\\Application->callControllerAction(Array)
#6 C:\\xampp\\htdocs\\Gateway\\vendor\\laravel\\lumen-framework\\src\\Concerns\\RoutesRequests.php(267): Laravel\\Lumen\\Application->callActionOnArrayBasedRoute(Array)
#7 C:\\xampp\\htdocs\\Gateway\\vendor\\laravel\\lumen-framework\\src\\Concerns\\RoutesRequests.php(169): Laravel\\Lumen\\Application->handleFoundRoute(Array)
#8 C:\\xampp\\htdocs\\Gateway\\vendor\\laravel\\lumen-framework\\src\\Concerns\\RoutesRequests.php(429): Laravel\\Lumen\\Application->Laravel\\Lumen\\Concerns\\{closure}(Object(Laravel\\Lumen\\Http\\Request))
#9 C:\\xampp\\htdocs\\Gateway\\vendor\\laravel\\lumen-framework\\src\\Concerns\\RoutesRequests.php(175): Laravel\\Lumen\\Application->sendThroughPipeline(Array, Object(Closure))
#10 C:\\xampp\\htdocs\\Gateway\\vendor\\laravel\\lumen-framework\\src\\Concerns\\RoutesRequests.php(112): Laravel\\Lumen\\Application->dispatch(NULL)
#11 C:\\xampp\\htdocs\\Gateway\\public\\index.php(28): Laravel\\Lumen\\Application->run()
#12 {main}
"} 
[2022-05-23 11:44:49] local.ERROR: Target class [App\Http\Controllers\User2Controller] does not exist. {"exception":"[object] (Illuminate\\Contracts\\Container\\BindingResolutionException(code: 0): Target class [App\\Http\\Controllers\\User2Controller] does not exist. at C:\\xampp\\htdocs\\Gateway\\vendor\\illuminate\\container\\Container.php:877)
[stacktrace]
#0 C:\\xampp\\htdocs\\Gateway\\vendor\\illuminate\\container\\Container.php(756): Illuminate\\Container\\Container->build('App\\\\Http\\\\Contro...')
#1 C:\\xampp\\htdocs\\Gateway\\vendor\\illuminate\\container\\Container.php(692): Illuminate\\Container\\Container->resolve('App\\\\Http\\\\Contro...', Array)
#2 C:\\xampp\\htdocs\\Gateway\\vendor\\laravel\\lumen-framework\\src\\Application.php(300): Illuminate\\Container\\Container->make('App\\\\Http\\\\Contro...', Array)
#3 C:\\xampp\\htdocs\\Gateway\\vendor\\laravel\\lumen-framework\\src\\Concerns\\RoutesRequests.php(324): Laravel\\Lumen\\Application->make('App\\\\Http\\\\Contro...')
#4 C:\\xampp\\htdocs\\Gateway\\vendor\\laravel\\lumen-framework\\src\\Concerns\\RoutesRequests.php(282): Laravel\\Lumen\\Application->callControllerAction(Array)
#5 C:\\xampp\\htdocs\\Gateway\\vendor\\laravel\\lumen-framework\\src\\Concerns\\RoutesRequests.php(267): Laravel\\Lumen\\Application->callActionOnArrayBasedRoute(Array)
#6 C:\\xampp\\htdocs\\Gateway\\vendor\\laravel\\lumen-framework\\src\\Concerns\\RoutesRequests.php(169): Laravel\\Lumen\\Application->handleFoundRoute(Array)
#7 C:\\xampp\\htdocs\\Gateway\\vendor\\laravel\\lumen-framework\\src\\Concerns\\RoutesRequests.php(429): Laravel\\Lumen\\Application->Laravel\\Lumen\\Concerns\\{closure}(Object(Laravel\\Lumen\\Http\\Request))
#8 C:\\xampp\\htdocs\\Gateway\\vendor\\laravel\\lumen-framework\\src\\Concerns\\RoutesRequests.php(175): Laravel\\Lumen\\Application->sendThroughPipeline(Array, Object(Closure))
#9 C:\\xampp\\htdocs\\Gateway\\vendor\\laravel\\lumen-framework\\src\\Concerns\\RoutesRequests.php(112): Laravel\\Lumen\\Application->dispatch(NULL)
#10 C:\\xampp\\htdocs\\Gateway\\public\\index.php(28): Laravel\\Lumen\\Application->run()
#11 {main}

[previous exception] [object] (ReflectionException(code: -1): Class \"App\\Http\\Controllers\\User2Controller\" does not exist at C:\\xampp\\htdocs\\Gateway\\vendor\\illuminate\\container\\Container.php:875)
[stacktrace]
#0 C:\\xampp\\htdocs\\Gateway\\vendor\\illuminate\\container\\Container.php(875): ReflectionClass->__construct('App\\\\Http\\\\Contro...')
#1 C:\\xampp\\htdocs\\Gateway\\vendor\\illuminate\\container\\Container.php(756): Illuminate\\Container\\Container->build('App\\\\Http\\\\Contro...')
#2 C:\\xampp\\htdocs\\Gateway\\vendor\\illuminate\\container\\Container.php(692): Illuminate\\Container\\Container->resolve('App\\\\Http\\\\Contro...', Array)
#3 C:\\xampp\\htdocs\\Gateway\\vendor\\laravel\\lumen-framework\\src\\Application.php(300): Illuminate\\Container\\Container->make('App\\\\Http\\\\Contro...', Array)
#4 C:\\xampp\\htdocs\\Gateway\\vendor\\laravel\\lumen-framework\\src\\Concerns\\RoutesRequests.php(324): Laravel\\Lumen\\Application->make('App\\\\Http\\\\Contro...')
#5 C:\\xampp\\htdocs\\Gateway\\vendor\\laravel\\lumen-framework\\src\\Concerns\\RoutesRequests.php(282): Laravel\\Lumen\\Application->callControllerAction(Array)
#6 C:\\xampp\\htdocs\\Gateway\\vendor\\laravel\\lumen-framework\\src\\Concerns\\RoutesRequests.php(267): Laravel\\Lumen\\Application->callActionOnArrayBasedRoute(Array)
#7 C:\\xampp\\htdocs\\Gateway\\vendor\\laravel\\lumen-framework\\src\\Concerns\\RoutesRequests.php(169): Laravel\\Lumen\\Application->handleFoundRoute(Array)
#8 C:\\xampp\\htdocs\\Gateway\\vendor\\laravel\\lumen-framework\\src\\Concerns\\RoutesRequests.php(429): Laravel\\Lumen\\Application->Laravel\\Lumen\\Concerns\\{closure}(Object(Laravel\\Lumen\\Http\\Request))
#9 C:\\xampp\\htdocs\\Gateway\\vendor\\laravel\\lumen-framework\\src\\Concerns\\RoutesRequests.php(175): Laravel\\Lumen\\Application->sendThroughPipeline(Array, Object(Closure))
#10 C:\\xampp\\htdocs\\Gateway\\vendor\\laravel\\lumen-framework\\src\\Concerns\\RoutesRequests.php(112): Laravel\\Lumen\\Application->dispatch(NULL)
#11 C:\\xampp\\htdocs\\Gateway\\public\\index.php(28): Laravel\\Lumen\\Application->run()
#12 {main}
"} 
[2022-05-23 12:00:47] local.ERROR: Target class [App\Http\Controllers\User2Controller] does not exist. {"exception":"[object] (Illuminate\\Contracts\\Container\\BindingResolutionException(code: 0): Target class [App\\Http\\Controllers\\User2Controller] does not exist. at C:\\xampp\\htdocs\\Gateway\\vendor\\illuminate\\container\\Container.php:877)
[stacktrace]
#0 C:\\xampp\\htdocs\\Gateway\\vendor\\illuminate\\container\\Container.php(756): Illuminate\\Container\\Container->build('App\\\\Http\\\\Contro...')
#1 C:\\xampp\\htdocs\\Gateway\\vendor\\illuminate\\container\\Container.php(692): Illuminate\\Container\\Container->resolve('App\\\\Http\\\\Contro...', Array)
#2 C:\\xampp\\htdocs\\Gateway\\vendor\\laravel\\lumen-framework\\src\\Application.php(300): Illuminate\\Container\\Container->make('App\\\\Http\\\\Contro...', Array)
#3 C:\\xampp\\htdocs\\Gateway\\vendor\\laravel\\lumen-framework\\src\\Concerns\\RoutesRequests.php(324): Laravel\\Lumen\\Application->make('App\\\\Http\\\\Contro...')
#4 C:\\xampp\\htdocs\\Gateway\\vendor\\laravel\\lumen-framework\\src\\Concerns\\RoutesRequests.php(282): Laravel\\Lumen\\Application->callControllerAction(Array)
#5 C:\\xampp\\htdocs\\Gateway\\vendor\\laravel\\lumen-framework\\src\\Concerns\\RoutesRequests.php(267): Laravel\\Lumen\\Application->callActionOnArrayBasedRoute(Array)
#6 C:\\xampp\\htdocs\\Gateway\\vendor\\laravel\\lumen-framework\\src\\Concerns\\RoutesRequests.php(169): Laravel\\Lumen\\Application->handleFoundRoute(Array)
#7 C:\\xampp\\htdocs\\Gateway\\vendor\\laravel\\lumen-framework\\src\\Concerns\\RoutesRequests.php(429): Laravel\\Lumen\\Application->Laravel\\Lumen\\Concerns\\{closure}(Object(Laravel\\Lumen\\Http\\Request))
#8 C:\\xampp\\htdocs\\Gateway\\vendor\\laravel\\lumen-framework\\src\\Concerns\\RoutesRequests.php(175): Laravel\\Lumen\\Application->sendThroughPipeline(Array, Object(Closure))
#9 C:\\xampp\\htdocs\\Gateway\\vendor\\laravel\\lumen-framework\\src\\Concerns\\RoutesRequests.php(112): Laravel\\Lumen\\Application->dispatch(NULL)
#10 C:\\xampp\\htdocs\\Gateway\\public\\index.php(28): Laravel\\Lumen\\Application->run()
#11 {main}

[previous exception] [object] (ReflectionException(code: -1): Class \"App\\Http\\Controllers\\User2Controller\" does not exist at C:\\xampp\\htdocs\\Gateway\\vendor\\illuminate\\container\\Container.php:875)
[stacktrace]
#0 C:\\xampp\\htdocs\\Gateway\\vendor\\illuminate\\container\\Container.php(875): ReflectionClass->__construct('App\\\\Http\\\\Contro...')
#1 C:\\xampp\\htdocs\\Gateway\\vendor\\illuminate\\container\\Container.php(756): Illuminate\\Container\\Container->build('App\\\\Http\\\\Contro...')
#2 C:\\xampp\\htdocs\\Gateway\\vendor\\illuminate\\container\\Container.php(692): Illuminate\\Container\\Container->resolve('App\\\\Http\\\\Contro...', Array)
#3 C:\\xampp\\htdocs\\Gateway\\vendor\\laravel\\lumen-framework\\src\\Application.php(300): Illuminate\\Container\\Container->make('App\\\\Http\\\\Contro...', Array)
#4 C:\\xampp\\htdocs\\Gateway\\vendor\\laravel\\lumen-framework\\src\\Concerns\\RoutesRequests.php(324): Laravel\\Lumen\\Application->make('App\\\\Http\\\\Contro...')
#5 C:\\xampp\\htdocs\\Gateway\\vendor\\laravel\\lumen-framework\\src\\Concerns\\RoutesRequests.php(282): Laravel\\Lumen\\Application->callControllerAction(Array)
#6 C:\\xampp\\htdocs\\Gateway\\vendor\\laravel\\lumen-framework\\src\\Concerns\\RoutesRequests.php(267): Laravel\\Lumen\\Application->callActionOnArrayBasedRoute(Array)
#7 C:\\xampp\\htdocs\\Gateway\\vendor\\laravel\\lumen-framework\\src\\Concerns\\RoutesRequests.php(169): Laravel\\Lumen\\Application->handleFoundRoute(Array)
#8 C:\\xampp\\htdocs\\Gateway\\vendor\\laravel\\lumen-framework\\src\\Concerns\\RoutesRequests.php(429): Laravel\\Lumen\\Application->Laravel\\Lumen\\Concerns\\{closure}(Object(Laravel\\Lumen\\Http\\Request))
#9 C:\\xampp\\htdocs\\Gateway\\vendor\\laravel\\lumen-framework\\src\\Concerns\\RoutesRequests.php(175): Laravel\\Lumen\\Application->sendThroughPipeline(Array, Object(Closure))
#10 C:\\xampp\\htdocs\\Gateway\\vendor\\laravel\\lumen-framework\\src\\Concerns\\RoutesRequests.php(112): Laravel\\Lumen\\Application->dispatch(NULL)
#11 C:\\xampp\\htdocs\\Gateway\\public\\index.php(28): Laravel\\Lumen\\Application->run()
#12 {main}
"} 
[2022-05-23 12:02:43] local.ERROR: Target class [App\Http\Controllers\User2Controller] does not exist. {"exception":"[object] (Illuminate\\Contracts\\Container\\BindingResolutionException(code: 0): Target class [App\\Http\\Controllers\\User2Controller] does not exist. at C:\\xampp\\htdocs\\Gateway\\vendor\\illuminate\\container\\Container.php:877)
[stacktrace]
#0 C:\\xampp\\htdocs\\Gateway\\vendor\\illuminate\\container\\Container.php(756): Illuminate\\Container\\Container->build('App\\\\Http\\\\Contro...')
#1 C:\\xampp\\htdocs\\Gateway\\vendor\\illuminate\\container\\Container.php(692): Illuminate\\Container\\Container->resolve('App\\\\Http\\\\Contro...', Array)
#2 C:\\xampp\\htdocs\\Gateway\\vendor\\laravel\\lumen-framework\\src\\Application.php(300): Illuminate\\Container\\Container->make('App\\\\Http\\\\Contro...', Array)
#3 C:\\xampp\\htdocs\\Gateway\\vendor\\laravel\\lumen-framework\\src\\Concerns\\RoutesRequests.php(324): Laravel\\Lumen\\Application->make('App\\\\Http\\\\Contro...')
#4 C:\\xampp\\htdocs\\Gateway\\vendor\\laravel\\lumen-framework\\src\\Concerns\\RoutesRequests.php(282): Laravel\\Lumen\\Application->callControllerAction(Array)
#5 C:\\xampp\\htdocs\\Gateway\\vendor\\laravel\\lumen-framework\\src\\Concerns\\RoutesRequests.php(267): Laravel\\Lumen\\Application->callActionOnArrayBasedRoute(Array)
#6 C:\\xampp\\htdocs\\Gateway\\vendor\\laravel\\lumen-framework\\src\\Concerns\\RoutesRequests.php(169): Laravel\\Lumen\\Application->handleFoundRoute(Array)
#7 C:\\xampp\\htdocs\\Gateway\\vendor\\laravel\\lumen-framework\\src\\Concerns\\RoutesRequests.php(429): Laravel\\Lumen\\Application->Laravel\\Lumen\\Concerns\\{closure}(Object(Laravel\\Lumen\\Http\\Request))
#8 C:\\xampp\\htdocs\\Gateway\\vendor\\laravel\\lumen-framework\\src\\Concerns\\RoutesRequests.php(175): Laravel\\Lumen\\Application->sendThroughPipeline(Array, Object(Closure))
#9 C:\\xampp\\htdocs\\Gateway\\vendor\\laravel\\lumen-framework\\src\\Concerns\\RoutesRequests.php(112): Laravel\\Lumen\\Application->dispatch(NULL)
#10 C:\\xampp\\htdocs\\Gateway\\public\\index.php(28): Laravel\\Lumen\\Application->run()
#11 {main}

[previous exception] [object] (ReflectionException(code: -1): Class \"App\\Http\\Controllers\\User2Controller\" does not exist at C:\\xampp\\htdocs\\Gateway\\vendor\\illuminate\\container\\Container.php:875)
[stacktrace]
#0 C:\\xampp\\htdocs\\Gateway\\vendor\\illuminate\\container\\Container.php(875): ReflectionClass->__construct('App\\\\Http\\\\Contro...')
#1 C:\\xampp\\htdocs\\Gateway\\vendor\\illuminate\\container\\Container.php(756): Illuminate\\Container\\Container->build('App\\\\Http\\\\Contro...')
#2 C:\\xampp\\htdocs\\Gateway\\vendor\\illuminate\\container\\Container.php(692): Illuminate\\Container\\Container->resolve('App\\\\Http\\\\Contro...', Array)
#3 C:\\xampp\\htdocs\\Gateway\\vendor\\laravel\\lumen-framework\\src\\Application.php(300): Illuminate\\Container\\Container->make('App\\\\Http\\\\Contro...', Array)
#4 C:\\xampp\\htdocs\\Gateway\\vendor\\laravel\\lumen-framework\\src\\Concerns\\RoutesRequests.php(324): Laravel\\Lumen\\Application->make('App\\\\Http\\\\Contro...')
#5 C:\\xampp\\htdocs\\Gateway\\vendor\\laravel\\lumen-framework\\src\\Concerns\\RoutesRequests.php(282): Laravel\\Lumen\\Application->callControllerAction(Array)
#6 C:\\xampp\\htdocs\\Gateway\\vendor\\laravel\\lumen-framework\\src\\Concerns\\RoutesRequests.php(267): Laravel\\Lumen\\Application->callActionOnArrayBasedRoute(Array)
#7 C:\\xampp\\htdocs\\Gateway\\vendor\\laravel\\lumen-framework\\src\\Concerns\\RoutesRequests.php(169): Laravel\\Lumen\\Application->handleFoundRoute(Array)
#8 C:\\xampp\\htdocs\\Gateway\\vendor\\laravel\\lumen-framework\\src\\Concerns\\RoutesRequests.php(429): Laravel\\Lumen\\Application->Laravel\\Lumen\\Concerns\\{closure}(Object(Laravel\\Lumen\\Http\\Request))
#9 C:\\xampp\\htdocs\\Gateway\\vendor\\laravel\\lumen-framework\\src\\Concerns\\RoutesRequests.php(175): Laravel\\Lumen\\Application->sendThroughPipeline(Array, Object(Closure))
#10 C:\\xampp\\htdocs\\Gateway\\vendor\\laravel\\lumen-framework\\src\\Concerns\\RoutesRequests.php(112): Laravel\\Lumen\\Application->dispatch(NULL)
#11 C:\\xampp\\htdocs\\Gateway\\public\\index.php(28): Laravel\\Lumen\\Application->run()
#12 {main}
"} 
[2022-05-23 12:06:16] local.ERROR: Client error: `POST http://localhost:8001/users` resulted in a `422 Unprocessable Content` response:
{"error":{"gender":["The gender field is required."]},"code":422,"site":2}
 {"exception":"[object] (GuzzleHttp\\Exception\\ClientException(code: 422): Client error: `POST http://localhost:8001/users` resulted in a `422 Unprocessable Content` response:
{\"error\":{\"gender\":[\"The gender field is required.\"]},\"code\":422,\"site\":2}
 at C:\\xampp\\htdocs\\Gateway\\vendor\\guzzlehttp\\guzzle\\src\\Exception\\RequestException.php:113)
[stacktrace]
#0 C:\\xampp\\htdocs\\Gateway\\vendor\\guzzlehttp\\guzzle\\src\\Middleware.php(69): GuzzleHttp\\Exception\\RequestException::create(Object(GuzzleHttp\\Psr7\\Request), Object(GuzzleHttp\\Psr7\\Response), NULL, Array, NULL)
#1 C:\\xampp\\htdocs\\Gateway\\vendor\\guzzlehttp\\promises\\src\\Promise.php(204): GuzzleHttp\\Middleware::GuzzleHttp\\{closure}(Object(GuzzleHttp\\Psr7\\Response))
#2 C:\\xampp\\htdocs\\Gateway\\vendor\\guzzlehttp\\promises\\src\\Promise.php(153): GuzzleHttp\\Promise\\Promise::callHandler(1, Object(GuzzleHttp\\Psr7\\Response), NULL)
#3 C:\\xampp\\htdocs\\Gateway\\vendor\\guzzlehttp\\promises\\src\\TaskQueue.php(48): GuzzleHttp\\Promise\\Promise::GuzzleHttp\\Promise\\{closure}()
#4 C:\\xampp\\htdocs\\Gateway\\vendor\\guzzlehttp\\promises\\src\\Promise.php(248): GuzzleHttp\\Promise\\TaskQueue->run(true)
#5 C:\\xampp\\htdocs\\Gateway\\vendor\\guzzlehttp\\promises\\src\\Promise.php(224): GuzzleHttp\\Promise\\Promise->invokeWaitFn()
#6 C:\\xampp\\htdocs\\Gateway\\vendor\\guzzlehttp\\promises\\src\\Promise.php(269): GuzzleHttp\\Promise\\Promise->waitIfPending()
#7 C:\\xampp\\htdocs\\Gateway\\vendor\\guzzlehttp\\promises\\src\\Promise.php(226): GuzzleHttp\\Promise\\Promise->invokeWaitList()
#8 C:\\xampp\\htdocs\\Gateway\\vendor\\guzzlehttp\\promises\\src\\Promise.php(62): GuzzleHttp\\Promise\\Promise->waitIfPending()
#9 C:\\xampp\\htdocs\\Gateway\\vendor\\guzzlehttp\\guzzle\\src\\Client.php(187): GuzzleHttp\\Promise\\Promise->wait()
#10 C:\\xampp\\htdocs\\Gateway\\app\\Traits\\ConsumesExternalService.php(16): GuzzleHttp\\Client->request('POST', 'users', Array)
#11 C:\\xampp\\htdocs\\Gateway\\app\\services\\User2Service.php(22): App\\Services\\User2Service->performRequest('POST', 'users', Array)
#12 C:\\xampp\\htdocs\\Gateway\\app\\Http\\Controllers\\User2Controller.php(20): App\\Services\\User2Service->createUser2(Array, 201)
#13 C:\\xampp\\htdocs\\Gateway\\vendor\\illuminate\\container\\BoundMethod.php(36): App\\Http\\Controllers\\User2Controller->add(Object(Laravel\\Lumen\\Http\\Request))
#14 C:\\xampp\\htdocs\\Gateway\\vendor\\illuminate\\container\\Util.php(41): Illuminate\\Container\\BoundMethod::Illuminate\\Container\\{closure}()
#15 C:\\xampp\\htdocs\\Gateway\\vendor\\illuminate\\container\\BoundMethod.php(93): Illuminate\\Container\\Util::unwrapIfClosure(Object(Closure))
#16 C:\\xampp\\htdocs\\Gateway\\vendor\\illuminate\\container\\BoundMethod.php(37): Illuminate\\Container\\BoundMethod::callBoundMethod(Object(Laravel\\Lumen\\Application), Array, Object(Closure))
#17 C:\\xampp\\htdocs\\Gateway\\vendor\\illuminate\\container\\Container.php(651): Illuminate\\Container\\BoundMethod::call(Object(Laravel\\Lumen\\Application), Array, Array, NULL)
#18 C:\\xampp\\htdocs\\Gateway\\vendor\\laravel\\lumen-framework\\src\\Concerns\\RoutesRequests.php(389): Illuminate\\Container\\Container->call(Array, Array)
#19 C:\\xampp\\htdocs\\Gateway\\vendor\\laravel\\lumen-framework\\src\\Concerns\\RoutesRequests.php(355): Laravel\\Lumen\\Application->callControllerCallable(Array, Array)
#20 C:\\xampp\\htdocs\\Gateway\\vendor\\laravel\\lumen-framework\\src\\Concerns\\RoutesRequests.php(329): Laravel\\Lumen\\Application->callLumenController(Object(App\\Http\\Controllers\\User2Controller), 'add', Array)
#21 C:\\xampp\\htdocs\\Gateway\\vendor\\laravel\\lumen-framework\\src\\Concerns\\RoutesRequests.php(282): Laravel\\Lumen\\Application->callControllerAction(Array)
#22 C:\\xampp\\htdocs\\Gateway\\vendor\\laravel\\lumen-framework\\src\\Concerns\\RoutesRequests.php(267): Laravel\\Lumen\\Application->callActionOnArrayBasedRoute(Array)
#23 C:\\xampp\\htdocs\\Gateway\\vendor\\laravel\\lumen-framework\\src\\Concerns\\RoutesRequests.php(169): Laravel\\Lumen\\Application->handleFoundRoute(Array)
#24 C:\\xampp\\htdocs\\Gateway\\vendor\\laravel\\lumen-framework\\src\\Concerns\\RoutesRequests.php(429): Laravel\\Lumen\\Application->Laravel\\Lumen\\Concerns\\{closure}(Object(Laravel\\Lumen\\Http\\Request))
#25 C:\\xampp\\htdocs\\Gateway\\vendor\\laravel\\lumen-framework\\src\\Concerns\\RoutesRequests.php(175): Laravel\\Lumen\\Application->sendThroughPipeline(Array, Object(Closure))
#26 C:\\xampp\\htdocs\\Gateway\\vendor\\laravel\\lumen-framework\\src\\Concerns\\RoutesRequests.php(112): Laravel\\Lumen\\Application->dispatch(NULL)
#27 C:\\xampp\\htdocs\\Gateway\\public\\index.php(28): Laravel\\Lumen\\Application->run()
#28 {main}
"} 
[2022-05-23 12:09:24] local.ERROR: Client error: `DELETE http://localhost:8000/users/30` resulted in a `404 Not Found` response:
{"error":"Does not exist any instance of user with the given id","code":404,"site":1}
 {"exception":"[object] (GuzzleHttp\\Exception\\ClientException(code: 404): Client error: `DELETE http://localhost:8000/users/30` resulted in a `404 Not Found` response:
{\"error\":\"Does not exist any instance of user with the given id\",\"code\":404,\"site\":1}
 at C:\\xampp\\htdocs\\Gateway\\vendor\\guzzlehttp\\guzzle\\src\\Exception\\RequestException.php:113)
[stacktrace]
#0 C:\\xampp\\htdocs\\Gateway\\vendor\\guzzlehttp\\guzzle\\src\\Middleware.php(69): GuzzleHttp\\Exception\\RequestException::create(Object(GuzzleHttp\\Psr7\\Request), Object(GuzzleHttp\\Psr7\\Response), NULL, Array, NULL)
#1 C:\\xampp\\htdocs\\Gateway\\vendor\\guzzlehttp\\promises\\src\\Promise.php(204): GuzzleHttp\\Middleware::GuzzleHttp\\{closure}(Object(GuzzleHttp\\Psr7\\Response))
#2 C:\\xampp\\htdocs\\Gateway\\vendor\\guzzlehttp\\promises\\src\\Promise.php(153): GuzzleHttp\\Promise\\Promise::callHandler(1, Object(GuzzleHttp\\Psr7\\Response), NULL)
#3 C:\\xampp\\htdocs\\Gateway\\vendor\\guzzlehttp\\promises\\src\\TaskQueue.php(48): GuzzleHttp\\Promise\\Promise::GuzzleHttp\\Promise\\{closure}()
#4 C:\\xampp\\htdocs\\Gateway\\vendor\\guzzlehttp\\promises\\src\\Promise.php(248): GuzzleHttp\\Promise\\TaskQueue->run(true)
#5 C:\\xampp\\htdocs\\Gateway\\vendor\\guzzlehttp\\promises\\src\\Promise.php(224): GuzzleHttp\\Promise\\Promise->invokeWaitFn()
#6 C:\\xampp\\htdocs\\Gateway\\vendor\\guzzlehttp\\promises\\src\\Promise.php(269): GuzzleHttp\\Promise\\Promise->waitIfPending()
#7 C:\\xampp\\htdocs\\Gateway\\vendor\\guzzlehttp\\promises\\src\\Promise.php(226): GuzzleHttp\\Promise\\Promise->invokeWaitList()
#8 C:\\xampp\\htdocs\\Gateway\\vendor\\guzzlehttp\\promises\\src\\Promise.php(62): GuzzleHttp\\Promise\\Promise->waitIfPending()
#9 C:\\xampp\\htdocs\\Gateway\\vendor\\guzzlehttp\\guzzle\\src\\Client.php(187): GuzzleHttp\\Promise\\Promise->wait()
#10 C:\\xampp\\htdocs\\Gateway\\app\\Traits\\ConsumesExternalService.php(16): GuzzleHttp\\Client->request('DELETE', '/users/30', Array)
#11 C:\\xampp\\htdocs\\Gateway\\app\\services\\User1Service.php(34): App\\Services\\User1Service->performRequest('DELETE', '/users/30')
#12 C:\\xampp\\htdocs\\Gateway\\app\\Http\\Controllers\\User1Controller.php(29): App\\Services\\User1Service->deleteUser1('30')
#13 C:\\xampp\\htdocs\\Gateway\\vendor\\illuminate\\container\\BoundMethod.php(36): App\\Http\\Controllers\\User1Controller->delete('30')
#14 C:\\xampp\\htdocs\\Gateway\\vendor\\illuminate\\container\\Util.php(41): Illuminate\\Container\\BoundMethod::Illuminate\\Container\\{closure}()
#15 C:\\xampp\\htdocs\\Gateway\\vendor\\illuminate\\container\\BoundMethod.php(93): Illuminate\\Container\\Util::unwrapIfClosure(Object(Closure))
#16 C:\\xampp\\htdocs\\Gateway\\vendor\\illuminate\\container\\BoundMethod.php(37): Illuminate\\Container\\BoundMethod::callBoundMethod(Object(Laravel\\Lumen\\Application), Array, Object(Closure))
#17 C:\\xampp\\htdocs\\Gateway\\vendor\\illuminate\\container\\Container.php(651): Illuminate\\Container\\BoundMethod::call(Object(Laravel\\Lumen\\Application), Array, Array, NULL)
#18 C:\\xampp\\htdocs\\Gateway\\vendor\\laravel\\lumen-framework\\src\\Concerns\\RoutesRequests.php(389): Illuminate\\Container\\Container->call(Array, Array)
#19 C:\\xampp\\htdocs\\Gateway\\vendor\\laravel\\lumen-framework\\src\\Concerns\\RoutesRequests.php(355): Laravel\\Lumen\\Application->callControllerCallable(Array, Array)
#20 C:\\xampp\\htdocs\\Gateway\\vendor\\laravel\\lumen-framework\\src\\Concerns\\RoutesRequests.php(329): Laravel\\Lumen\\Application->callLumenController(Object(App\\Http\\Controllers\\User1Controller), 'delete', Array)
#21 C:\\xampp\\htdocs\\Gateway\\vendor\\laravel\\lumen-framework\\src\\Concerns\\RoutesRequests.php(282): Laravel\\Lumen\\Application->callControllerAction(Array)
#22 C:\\xampp\\htdocs\\Gateway\\vendor\\laravel\\lumen-framework\\src\\Concerns\\RoutesRequests.php(267): Laravel\\Lumen\\Application->callActionOnArrayBasedRoute(Array)
#23 C:\\xampp\\htdocs\\Gateway\\vendor\\laravel\\lumen-framework\\src\\Concerns\\RoutesRequests.php(237): Laravel\\Lumen\\Application->handleFoundRoute(Array)
#24 C:\\xampp\\htdocs\\Gateway\\vendor\\laravel\\lumen-framework\\src\\Concerns\\RoutesRequests.php(173): Laravel\\Lumen\\Application->handleDispatcherResponse(Array)
#25 C:\\xampp\\htdocs\\Gateway\\vendor\\laravel\\lumen-framework\\src\\Concerns\\RoutesRequests.php(429): Laravel\\Lumen\\Application->Laravel\\Lumen\\Concerns\\{closure}(Object(Laravel\\Lumen\\Http\\Request))
#26 C:\\xampp\\htdocs\\Gateway\\vendor\\laravel\\lumen-framework\\src\\Concerns\\RoutesRequests.php(175): Laravel\\Lumen\\Application->sendThroughPipeline(Array, Object(Closure))
#27 C:\\xampp\\htdocs\\Gateway\\vendor\\laravel\\lumen-framework\\src\\Concerns\\RoutesRequests.php(112): Laravel\\Lumen\\Application->dispatch(NULL)
#28 C:\\xampp\\htdocs\\Gateway\\public\\index.php(28): Laravel\\Lumen\\Application->run()
#29 {main}
"} 
